----------------------------
start at 07/06/2016 17:01:17
08/06/2016 11:24:40 link 'http://perm-remont.com/
' NOT Found in yandex on pages 50 by query 'ремонт холодильников пермь'
08/06/2016 15:01:44 link 'http://perm-remont.com/
' NOT Found in yandex on pages 50 by query 'ремонт холодильников'
----------------------------
start at 17/06/2016 10:05:56
----------------------------
start at 17/06/2016 10:43:11
17/06/2016 10:45:56 link 'http://perm-remont.com/' Found in yandex on page 3 with Pos = -1 summaryPos = 33 by query 'ремонт холодильников'
----------------------------
start at 17/06/2016 11:07:20
17/06/2016 11:11:31 link 'http://perm-remont.com/' NOT Found in google on pages 50 by query 'ремонт холодильников'
17/06/2016 11:14:56 link 'http://perm-remont.com/' NOT Found in google on pages 50 by query 'ремонт холодильников'
17/06/2016 11:22:34 link 'http://perm-remont.com/' NOT Found in google on pages 50 by query 'ремонт холодильников пермь'
end at 17/06/2016 11:53:08
++++++++++++++++++++++++++++
----------------------------
start at 17/06/2016 11:53:08
17/06/2016 11:55:53 link 'http://perm-remont.com/' Found in yandex on page 3 with Pos = -1 summaryPos = 34 by query 'ремонт холодильников'
17/06/2016 11:58:31 link 'http://perm-remont.com/' Found in yandex on page 3 with Pos = -1 summaryPos = 33 by query 'ремонт холодильников'
17/06/2016 12:29:51 link 'http://perm-remont.com/' NOT Found in yandex on pages 50 by query 'ремонт холодильников пермь'
17/06/2016 12:32:12 link 'http://perm-remont.com/' Found in yandex on page 2 with Pos = -1 summaryPos = 17 by query 'ремонт посудомоечных машин пермь'
17/06/2016 12:34:32 link 'http://perm-remont.com/' Found in yandex on page 2 with Pos = -1 summaryPos = 17 by query 'ремонт посудомойки'
17/06/2016 12:38:12 link 'http://perm-remont.com/' NOT Found in google on pages 50 by query 'ремонт холодильников'
17/06/2016 12:44:32 link 'http://perm-remont.com/' NOT Found in google on pages 50 by query 'ремонт холодильников'
end at 17/06/2016 12:46:58
++++++++++++++++++++++++++++
----------------------------
start at 17/06/2016 12:46:58
17/06/2016 12:52:36 link 'http://perm-remont.com/' NOT Found in google on pages 50 by query 'ремонт холодильников'
end at 17/06/2016 12:54:54
++++++++++++++++++++++++++++
----------------------------
start at 17/06/2016 12:54:54
17/06/2016 12:57:48 link 'http://perm-remont.com/' Found in yandex on page 3 with Pos = -1 summaryPos = 33 by query 'ремонт холодильников'
17/06/2016 13:00:28 link 'http://perm-remont.com/' Found in yandex on page 3 with Pos = -1 summaryPos = 33 by query 'ремонт холодильников'
17/06/2016 13:31:47 link 'http://perm-remont.com/' NOT Found in yandex on pages 50 by query 'ремонт холодильников пермь'
17/06/2016 13:33:49 link 'http://perm-remont.com/' Found in yandex on page 2 with Pos = -1 summaryPos = 17 by query 'ремонт посудомоечных машин пермь'
17/06/2016 13:35:47 link 'http://perm-remont.com/' Found in yandex on page 2 with Pos = -1 summaryPos = 17 by query 'ремонт посудомойки'
17/06/2016 13:40:12 link 'http://perm-remont.com/' NOT Found in google on pages 50 by query 'ремонт холодильников'
17/06/2016 13:43:42 link 'http://perm-remont.com/' NOT Found in google on pages 50 by query 'ремонт холодильников'
17/06/2016 13:47:05 link 'http://perm-remont.com/' NOT Found in google on pages 50 by query 'ремонт холодильников пермь'
17/06/2016 13:50:20 link 'http://perm-remont.com/' NOT Found in google on pages 50 by query 'ремонт посудомоечных машин пермь'
17/06/2016 13:54:48 link 'http://perm-remont.com/' NOT Found in google on pages 50 by query 'ремонт посудомойки'
end at 17/06/2016 13:54:48
++++++++++++++++++++++++++++
----------------------------
start at 17/06/2016 13:54:48
17/06/2016 14:00:12 link 'http://perm-remont.com/' NOT Found in google on pages 50 by query 'ремонт холодильников'
17/06/2016 14:06:55 link 'http://perm-remont.com/' NOT Found in google on pages 50 by query 'ремонт холодильников'
17/06/2016 14:12:00 link 'http://perm-remont.com/' NOT Found in google on pages 50 by query 'ремонт холодильников пермь'
17/06/2016 14:18:41 link 'http://perm-remont.com/' NOT Found in google on pages 50 by query 'ремонт посудомоечных машин пермь'
17/06/2016 14:25:11 link 'http://perm-remont.com/' NOT Found in google on pages 50 by query 'ремонт посудомойки'
end at 17/06/2016 14:25:11
++++++++++++++++++++++++++++
----------------------------
start at 17/06/2016 14:25:11
17/06/2016 14:32:45 link 'http://perm-remont.com/' NOT Found in google on pages 50 by query 'ремонт холодильников'
17/06/2016 14:37:36 link 'http://perm-remont.com/' NOT Found in google on pages 50 by query 'ремонт холодильников'
17/06/2016 14:41:45 link 'http://perm-remont.com/' NOT Found in google on pages 50 by query 'ремонт холодильников пермь'
17/06/2016 14:44:52 link 'http://perm-remont.com/' NOT Found in google on pages 50 by query 'ремонт посудомоечных машин пермь'
17/06/2016 14:48:10 link 'http://perm-remont.com/' NOT Found in google on pages 50 by query 'ремонт посудомойки'
end at 17/06/2016 14:48:10
++++++++++++++++++++++++++++
----------------------------
start at 17/06/2016 14:48:10
17/06/2016 14:50:45 link 'http://perm-remont.com/' Found in yandex on page 3 with Pos = -1 summaryPos = 33 by query 'ремонт холодильников'
17/06/2016 14:53:26 link 'http://perm-remont.com/' Found in yandex on page 3 with Pos = -1 summaryPos = 33 by query 'ремонт холодильников'
17/06/2016 15:24:58 link 'http://perm-remont.com/' NOT Found in yandex on pages 50 by query 'ремонт холодильников пермь'
17/06/2016 15:27:20 link 'http://perm-remont.com/' Found in yandex on page 2 with Pos = -1 summaryPos = 18 by query 'ремонт посудомоечных машин пермь'
17/06/2016 15:29:37 link 'http://perm-remont.com/' Found in yandex on page 2 with Pos = -1 summaryPos = 17 by query 'ремонт посудомойки'
17/06/2016 15:37:03 link 'http://perm-remont.com/' NOT Found in google on pages 50 by query 'ремонт холодильников'
17/06/2016 15:40:17 link 'http://perm-remont.com/' NOT Found in google on pages 50 by query 'ремонт холодильников'
17/06/2016 15:43:26 link 'http://perm-remont.com/' NOT Found in google on pages 50 by query 'ремонт холодильников пермь'
17/06/2016 15:46:35 link 'http://perm-remont.com/' NOT Found in google on pages 50 by query 'ремонт посудомоечных машин пермь'
17/06/2016 15:51:09 link 'http://perm-remont.com/' NOT Found in google on pages 50 by query 'ремонт посудомойки'
end at 17/06/2016 15:51:09
++++++++++++++++++++++++++++
----------------------------
start at 17/06/2016 15:51:09
17/06/2016 15:53:48 link 'http://perm-remont.com/' Found in yandex on page 3 with Pos = -1 summaryPos = 33 by query 'ремонт холодильников'
17/06/2016 15:56:24 link 'http://perm-remont.com/' Found in yandex on page 3 with Pos = -1 summaryPos = 33 by query 'ремонт холодильников'
17/06/2016 16:27:35 link 'http://perm-remont.com/' NOT Found in yandex on pages 50 by query 'ремонт холодильников пермь'
17/06/2016 16:29:32 link 'http://perm-remont.com/' Found in yandex on page 2 with Pos = -1 summaryPos = 17 by query 'ремонт посудомоечных машин пермь'
17/06/2016 16:31:31 link 'http://perm-remont.com/' Found in yandex on page 2 with Pos = -1 summaryPos = 18 by query 'ремонт посудомойки'
17/06/2016 16:35:43 link 'http://perm-remont.com/' NOT Found in google on pages 50 by query 'ремонт холодильников'
17/06/2016 16:40:42 link 'http://perm-remont.com/' NOT Found in google on pages 50 by query 'ремонт холодильников'
17/06/2016 16:45:07 link 'http://perm-remont.com/' NOT Found in google on pages 50 by query 'ремонт холодильников пермь'
17/06/2016 16:50:37 link 'http://perm-remont.com/' NOT Found in google on pages 50 by query 'ремонт посудомоечных машин пермь'
17/06/2016 16:53:46 link 'http://perm-remont.com/' NOT Found in google on pages 50 by query 'ремонт посудомойки'
end at 17/06/2016 16:53:46
++++++++++++++++++++++++++++
----------------------------
start at 17/06/2016 16:53:46
17/06/2016 16:57:20 link 'http://perm-remont.com/' Found in yandex on page 3 with Pos = -1 summaryPos = 33 by query 'ремонт холодильников'
17/06/2016 16:59:55 link 'http://perm-remont.com/' Found in yandex on page 3 with Pos = -1 summaryPos = 33 by query 'ремонт холодильников'
17/06/2016 17:04:15 link 'http://perm-remont.com/' NOT Found in google on pages 50 by query 'ремонт холодильников'
17/06/2016 17:10:28 link 'http://perm-remont.com/' NOT Found in google on pages 50 by query 'ремонт холодильников'
17/06/2016 17:13:54 link 'http://perm-remont.com/' NOT Found in google on pages 50 by query 'ремонт холодильников пермь'
17/06/2016 17:17:17 link 'http://perm-remont.com/' NOT Found in google on pages 50 by query 'ремонт посудомоечных машин пермь'
17/06/2016 17:20:41 link 'http://perm-remont.com/' NOT Found in google on pages 50 by query 'ремонт посудомойки'
end at 17/06/2016 17:20:41
++++++++++++++++++++++++++++
----------------------------
start at 17/06/2016 17:20:41
17/06/2016 17:24:33 link 'http://perm-remont.com/' NOT Found in google on pages 50 by query 'ремонт холодильников'
17/06/2016 17:27:40 link 'http://perm-remont.com/' NOT Found in google on pages 50 by query 'ремонт холодильников'
17/06/2016 17:30:44 link 'http://perm-remont.com/' NOT Found in google on pages 50 by query 'ремонт холодильников пермь'
17/06/2016 17:33:46 link 'http://perm-remont.com/' NOT Found in google on pages 50 by query 'ремонт посудомоечных машин пермь'
17/06/2016 17:36:58 link 'http://perm-remont.com/' NOT Found in google on pages 50 by query 'ремонт посудомойки'
end at 17/06/2016 17:36:58
++++++++++++++++++++++++++++
----------------------------
start at 18/06/2016 14:18:04
18/06/2016 14:21:41 link 'http://perm-remont.com/' Found in yandex on page 3 with Pos = -1 summaryPos = 33 by query 'ремонт холодильников'
end at 18/06/2016 14:21:41
++++++++++++++++++++++++++++
----------------------------
start at 18/06/2016 14:21:41
18/06/2016 14:25:18 link 'http://perm-remont.com/' Found in yandex on page 3 with Pos = -1 summaryPos = 33 by query 'ремонт холодильников'
end at 18/06/2016 14:25:18
++++++++++++++++++++++++++++
----------------------------
start at 18/06/2016 14:25:18
18/06/2016 14:28:59 link 'http://perm-remont.com/' Found in yandex on page 3 with Pos = -1 summaryPos = 33 by query 'ремонт холодильников'
end at 18/06/2016 14:28:59
++++++++++++++++++++++++++++
----------------------------
start at 18/06/2016 14:28:59
end at 18/06/2016 14:29:48
++++++++++++++++++++++++++++
----------------------------
start at 18/06/2016 14:29:48
end at 18/06/2016 14:32:25
++++++++++++++++++++++++++++
----------------------------
start at 18/06/2016 14:32:25
18/06/2016 14:36:15 link 'http://perm-remont.com/' Found in yandex on page 3 with Pos = -1 summaryPos = 34 by query 'ремонт холодильников'
end at 18/06/2016 14:36:15
++++++++++++++++++++++++++++
----------------------------
start at 18/06/2016 14:36:15
18/06/2016 14:40:07 link 'http://perm-remont.com/' Found in yandex on page 3 with Pos = -1 summaryPos = 33 by query 'ремонт холодильников'
end at 18/06/2016 14:40:07
++++++++++++++++++++++++++++
----------------------------
start at 18/06/2016 14:40:07
19/06/2016 01:15:06 link 'http://perm-remont.com/' Found in yandex on page 3 with Pos = -1 summaryPos = 33 by query 'ремонт холодильников'
end at 19/06/2016 01:15:06
++++++++++++++++++++++++++++
----------------------------
start at 19/06/2016 01:15:06
end at 19/06/2016 01:16:20
++++++++++++++++++++++++++++
----------------------------
start at 19/06/2016 01:16:20
end at 19/06/2016 01:18:49
++++++++++++++++++++++++++++
----------------------------
start at 21/06/2016 09:15:46
21/06/2016 09:19:22 link 'http://perm-remont.com/' Found in yandex on page 3 with Pos = -1 summaryPos = 33 by query 'ремонт холодильников'
end at 21/06/2016 09:19:22
++++++++++++++++++++++++++++
----------------------------
start at 21/06/2016 09:19:22
21/06/2016 09:23:00 link 'http://perm-remont.com/' Found in yandex on page 3 with Pos = -1 summaryPos = 33 by query 'ремонт холодильников'
end at 21/06/2016 09:23:00
++++++++++++++++++++++++++++
----------------------------
start at 21/06/2016 09:23:00
21/06/2016 09:26:37 link 'http://perm-remont.com/' Found in yandex on page 3 with Pos = -1 summaryPos = 34 by query 'ремонт холодильников'
end at 21/06/2016 09:26:37
++++++++++++++++++++++++++++
----------------------------
start at 21/06/2016 09:26:37
21/06/2016 09:30:19 link 'http://perm-remont.com/' Found in yandex on page 3 with Pos = -1 summaryPos = 34 by query 'ремонт холодильников'
end at 21/06/2016 09:30:19
++++++++++++++++++++++++++++
----------------------------
start at 21/06/2016 09:30:19
21/06/2016 09:34:00 link 'http://perm-remont.com/' Found in yandex on page 3 with Pos = -1 summaryPos = 34 by query 'ремонт холодильников'
end at 21/06/2016 09:34:00
++++++++++++++++++++++++++++
----------------------------
start at 21/06/2016 09:34:00
21/06/2016 09:37:45 link 'http://perm-remont.com/' Found in yandex on page 3 with Pos = -1 summaryPos = 33 by query 'ремонт холодильников'
end at 21/06/2016 09:37:45
++++++++++++++++++++++++++++
----------------------------
start at 21/06/2016 09:37:45
21/06/2016 09:41:44 link 'http://perm-remont.com/' Found in yandex on page 3 with Pos = -1 summaryPos = 33 by query 'ремонт холодильников'
end at 21/06/2016 09:41:44
++++++++++++++++++++++++++++
----------------------------
start at 21/06/2016 09:41:44
21/06/2016 09:45:35 link 'http://perm-remont.com/' Found in yandex on page 3 with Pos = -1 summaryPos = 33 by query 'ремонт холодильников'
end at 21/06/2016 09:45:35
++++++++++++++++++++++++++++
----------------------------
start at 21/06/2016 09:45:35
21/06/2016 09:49:20 link 'http://perm-remont.com/' Found in yandex on page 3 with Pos = -1 summaryPos = 33 by query 'ремонт холодильников'
end at 21/06/2016 09:49:20
++++++++++++++++++++++++++++
----------------------------
start at 21/06/2016 09:49:20
21/06/2016 09:52:57 link 'http://perm-remont.com/' Found in yandex on page 3 with Pos = -1 summaryPos = 34 by query 'ремонт холодильников'
end at 21/06/2016 09:52:57
++++++++++++++++++++++++++++
----------------------------
start at 27/06/2016 14:50:48
end at 27/06/2016 14:50:49
++++++++++++++++++++++++++++
----------------------------
start at 27/06/2016 14:50:49
